{"/home/saikumar/calcquick/index.js": {"path":"/home/saikumar/calcquick/index.js","statementMap":{"0":{"start":{"line":2,"column":2},"end":{"line":2,"column":15}},"1":{"start":{"line":5,"column":2},"end":{"line":5,"column":15}},"2":{"start":{"line":8,"column":2},"end":{"line":8,"column":15}},"3":{"start":{"line":11,"column":2},"end":{"line":11,"column":56}},"4":{"start":{"line":11,"column":15},"end":{"line":11,"column":56}},"5":{"start":{"line":12,"column":2},"end":{"line":12,"column":15}},"6":{"start":{"line":16,"column":18},"end":{"line":16,"column":41}},"7":{"start":{"line":19,"column":2},"end":{"line":41,"column":3}},"8":{"start":{"line":21,"column":6},"end":{"line":21,"column":33}},"9":{"start":{"line":22,"column":6},"end":{"line":22,"column":12}},"10":{"start":{"line":24,"column":6},"end":{"line":24,"column":33}},"11":{"start":{"line":25,"column":6},"end":{"line":25,"column":12}},"12":{"start":{"line":27,"column":6},"end":{"line":27,"column":33}},"13":{"start":{"line":28,"column":6},"end":{"line":28,"column":12}},"14":{"start":{"line":31,"column":6},"end":{"line":31,"column":50}},"15":{"start":{"line":32,"column":6},"end":{"line":32,"column":12}},"16":{"start":{"line":34,"column":6},"end":{"line":34,"column":50}},"17":{"start":{"line":35,"column":6},"end":{"line":35,"column":12}},"18":{"start":{"line":37,"column":6},"end":{"line":37,"column":50}},"19":{"start":{"line":38,"column":6},"end":{"line":38,"column":12}},"20":{"start":{"line":40,"column":6},"end":{"line":40,"column":33}},"21":{"start":{"line":44,"column":2},"end":{"line":44,"column":80}},"22":{"start":{"line":47,"column":15},"end":{"line":47,"column":16}},"23":{"start":{"line":48,"column":2},"end":{"line":50,"column":3}},"24":{"start":{"line":48,"column":15},"end":{"line":48,"column":16}},"25":{"start":{"line":49,"column":4},"end":{"line":49,"column":16}},"26":{"start":{"line":51,"column":2},"end":{"line":51,"column":16}},"27":{"start":{"line":54,"column":14},"end":{"line":54,"column":56}},"28":{"start":{"line":54,"column":43},"end":{"line":54,"column":52}},"29":{"start":{"line":55,"column":15},"end":{"line":55,"column":35}},"30":{"start":{"line":56,"column":2},"end":{"line":56,"column":36}},"31":{"start":{"line":59,"column":24},"end":{"line":59,"column":58}},"32":{"start":{"line":59,"column":52},"end":{"line":59,"column":57}},"33":{"start":{"line":60,"column":19},"end":{"line":60,"column":55}},"34":{"start":{"line":62,"column":2},"end":{"line":66,"column":3}},"35":{"start":{"line":63,"column":4},"end":{"line":63,"column":71}},"36":{"start":{"line":65,"column":4},"end":{"line":65,"column":35}},"37":{"start":{"line":69,"column":23},"end":{"line":72,"column":8}},"38":{"start":{"line":70,"column":4},"end":{"line":70,"column":35}},"39":{"start":{"line":71,"column":4},"end":{"line":71,"column":15}},"40":{"start":{"line":73,"column":19},"end":{"line":73,"column":59}},"41":{"start":{"line":74,"column":16},"end":{"line":76,"column":3}},"42":{"start":{"line":75,"column":14},"end":{"line":75,"column":47}},"43":{"start":{"line":78,"column":2},"end":{"line":78,"column":67}},"44":{"start":{"line":81,"column":0},"end":{"line":81,"column":98}}},"fnMap":{"0":{"name":"add","decl":{"start":{"line":1,"column":9},"end":{"line":1,"column":12}},"loc":{"start":{"line":1,"column":20},"end":{"line":3,"column":1}},"line":1},"1":{"name":"subtract","decl":{"start":{"line":4,"column":9},"end":{"line":4,"column":17}},"loc":{"start":{"line":4,"column":25},"end":{"line":6,"column":1}},"line":4},"2":{"name":"multiply","decl":{"start":{"line":7,"column":9},"end":{"line":7,"column":17}},"loc":{"start":{"line":7,"column":25},"end":{"line":9,"column":1}},"line":7},"3":{"name":"divide","decl":{"start":{"line":10,"column":9},"end":{"line":10,"column":15}},"loc":{"start":{"line":10,"column":23},"end":{"line":13,"column":1}},"line":10},"4":{"name":"trigonometry","decl":{"start":{"line":14,"column":9},"end":{"line":14,"column":21}},"loc":{"start":{"line":14,"column":56},"end":{"line":45,"column":1}},"line":14},"5":{"name":"factorial","decl":{"start":{"line":46,"column":9},"end":{"line":46,"column":18}},"loc":{"start":{"line":46,"column":23},"end":{"line":52,"column":1}},"line":46},"6":{"name":"mean","decl":{"start":{"line":53,"column":9},"end":{"line":53,"column":13}},"loc":{"start":{"line":53,"column":24},"end":{"line":57,"column":1}},"line":53},"7":{"name":"(anonymous_7)","decl":{"start":{"line":54,"column":29},"end":{"line":54,"column":30}},"loc":{"start":{"line":54,"column":43},"end":{"line":54,"column":52}},"line":54},"8":{"name":"median","decl":{"start":{"line":58,"column":9},"end":{"line":58,"column":15}},"loc":{"start":{"line":58,"column":26},"end":{"line":67,"column":1}},"line":58},"9":{"name":"(anonymous_9)","decl":{"start":{"line":59,"column":42},"end":{"line":59,"column":43}},"loc":{"start":{"line":59,"column":52},"end":{"line":59,"column":57}},"line":59},"10":{"name":"mode","decl":{"start":{"line":68,"column":9},"end":{"line":68,"column":13}},"loc":{"start":{"line":68,"column":24},"end":{"line":79,"column":1}},"line":68},"11":{"name":"(anonymous_11)","decl":{"start":{"line":69,"column":38},"end":{"line":69,"column":39}},"loc":{"start":{"line":69,"column":52},"end":{"line":72,"column":3}},"line":69},"12":{"name":"(anonymous_12)","decl":{"start":{"line":75,"column":4},"end":{"line":75,"column":5}},"loc":{"start":{"line":75,"column":14},"end":{"line":75,"column":47}},"line":75}},"branchMap":{"0":{"loc":{"start":{"line":11,"column":2},"end":{"line":11,"column":56}},"type":"if","locations":[{"start":{"line":11,"column":2},"end":{"line":11,"column":56}},{"start":{},"end":{}}],"line":11},"1":{"loc":{"start":{"line":14,"column":41},"end":{"line":14,"column":54}},"type":"default-arg","locations":[{"start":{"line":14,"column":53},"end":{"line":14,"column":54}}],"line":14},"2":{"loc":{"start":{"line":19,"column":2},"end":{"line":41,"column":3}},"type":"switch","locations":[{"start":{"line":20,"column":4},"end":{"line":22,"column":12}},{"start":{"line":23,"column":4},"end":{"line":25,"column":12}},{"start":{"line":26,"column":4},"end":{"line":28,"column":12}},{"start":{"line":29,"column":4},"end":{"line":32,"column":12}},{"start":{"line":33,"column":4},"end":{"line":35,"column":12}},{"start":{"line":36,"column":4},"end":{"line":38,"column":12}},{"start":{"line":39,"column":4},"end":{"line":40,"column":33}}],"line":19},"3":{"loc":{"start":{"line":62,"column":2},"end":{"line":66,"column":3}},"type":"if","locations":[{"start":{"line":62,"column":2},"end":{"line":66,"column":3}},{"start":{"line":64,"column":9},"end":{"line":66,"column":3}}],"line":62},"4":{"loc":{"start":{"line":70,"column":16},"end":{"line":70,"column":29}},"type":"binary-expr","locations":[{"start":{"line":70,"column":16},"end":{"line":70,"column":24}},{"start":{"line":70,"column":28},"end":{"line":70,"column":29}}],"line":70},"5":{"loc":{"start":{"line":78,"column":9},"end":{"line":78,"column":66}},"type":"cond-expr","locations":[{"start":{"line":78,"column":30},"end":{"line":78,"column":46}},{"start":{"line":78,"column":49},"end":{"line":78,"column":66}}],"line":78}},"s":{"0":1,"1":1,"2":1,"3":2,"4":1,"5":1,"6":3,"7":3,"8":1,"9":1,"10":1,"11":1,"12":1,"13":1,"14":0,"15":0,"16":0,"17":0,"18":0,"19":0,"20":0,"21":3,"22":1,"23":1,"24":1,"25":4,"26":1,"27":1,"28":5,"29":1,"30":1,"31":1,"32":6,"33":1,"34":1,"35":0,"36":1,"37":1,"38":6,"39":6,"40":1,"41":1,"42":3,"43":1,"44":1},"f":{"0":1,"1":1,"2":1,"3":2,"4":3,"5":1,"6":1,"7":5,"8":1,"9":6,"10":1,"11":6,"12":3},"b":{"0":[1,1],"1":[3],"2":[1,1,1,0,0,0,0],"3":[0,1],"4":[6,3],"5":[0,1]},"_coverageSchema":"1a1c01bbd47fc00a2c39e90264f33305004495a9","hash":"d506def1dd1380a9e183c4af5796c737f70cb23f"}
}
