{"/home/saikumar/calcquick/core-math.js": {"path":"/home/saikumar/calcquick/core-math.js","statementMap":{"0":{"start":{"line":3,"column":2},"end":{"line":3,"column":29}},"1":{"start":{"line":8,"column":2},"end":{"line":8,"column":29}},"2":{"start":{"line":13,"column":2},"end":{"line":13,"column":44}},"3":{"start":{"line":18,"column":2},"end":{"line":18,"column":35}},"4":{"start":{"line":21,"column":0},"end":{"line":26,"column":2}}},"fnMap":{"0":{"name":"binaryToDecimal","decl":{"start":{"line":2,"column":9},"end":{"line":2,"column":24}},"loc":{"start":{"line":2,"column":34},"end":{"line":4,"column":1}},"line":2},"1":{"name":"decimalToBinary","decl":{"start":{"line":7,"column":9},"end":{"line":7,"column":24}},"loc":{"start":{"line":7,"column":35},"end":{"line":9,"column":1}},"line":7},"2":{"name":"decimalToHexadecimal","decl":{"start":{"line":12,"column":9},"end":{"line":12,"column":29}},"loc":{"start":{"line":12,"column":40},"end":{"line":14,"column":1}},"line":12},"3":{"name":"hexadecimalToDecimal","decl":{"start":{"line":17,"column":9},"end":{"line":17,"column":29}},"loc":{"start":{"line":17,"column":44},"end":{"line":19,"column":1}},"line":17}},"branchMap":{},"s":{"0":1,"1":0,"2":0,"3":0,"4":1},"f":{"0":1,"1":0,"2":0,"3":0},"b":{},"_coverageSchema":"1a1c01bbd47fc00a2c39e90264f33305004495a9","hash":"ede0b7350a5ab3625cdb55a52b96910c206432b8"}
,"/home/saikumar/calcquick/index.js": {"path":"/home/saikumar/calcquick/index.js","statementMap":{"0":{"start":{"line":1,"column":28},"end":{"line":1,"column":50}},"1":{"start":{"line":3,"column":2},"end":{"line":3,"column":15}},"2":{"start":{"line":6,"column":0},"end":{"line":6,"column":24}},"3":{"start":{"line":8,"column":2},"end":{"line":8,"column":15}},"4":{"start":{"line":11,"column":2},"end":{"line":11,"column":15}},"5":{"start":{"line":14,"column":2},"end":{"line":14,"column":56}},"6":{"start":{"line":14,"column":15},"end":{"line":14,"column":56}},"7":{"start":{"line":15,"column":2},"end":{"line":15,"column":15}},"8":{"start":{"line":19,"column":18},"end":{"line":19,"column":41}},"9":{"start":{"line":22,"column":2},"end":{"line":44,"column":3}},"10":{"start":{"line":24,"column":6},"end":{"line":24,"column":33}},"11":{"start":{"line":25,"column":6},"end":{"line":25,"column":12}},"12":{"start":{"line":27,"column":6},"end":{"line":27,"column":33}},"13":{"start":{"line":28,"column":6},"end":{"line":28,"column":12}},"14":{"start":{"line":30,"column":6},"end":{"line":30,"column":33}},"15":{"start":{"line":31,"column":6},"end":{"line":31,"column":12}},"16":{"start":{"line":34,"column":6},"end":{"line":34,"column":50}},"17":{"start":{"line":35,"column":6},"end":{"line":35,"column":12}},"18":{"start":{"line":37,"column":6},"end":{"line":37,"column":50}},"19":{"start":{"line":38,"column":6},"end":{"line":38,"column":12}},"20":{"start":{"line":40,"column":6},"end":{"line":40,"column":50}},"21":{"start":{"line":41,"column":6},"end":{"line":41,"column":12}},"22":{"start":{"line":43,"column":6},"end":{"line":43,"column":33}},"23":{"start":{"line":47,"column":2},"end":{"line":47,"column":80}},"24":{"start":{"line":50,"column":15},"end":{"line":50,"column":16}},"25":{"start":{"line":51,"column":2},"end":{"line":53,"column":3}},"26":{"start":{"line":51,"column":15},"end":{"line":51,"column":16}},"27":{"start":{"line":52,"column":4},"end":{"line":52,"column":16}},"28":{"start":{"line":54,"column":2},"end":{"line":54,"column":16}},"29":{"start":{"line":57,"column":14},"end":{"line":57,"column":56}},"30":{"start":{"line":57,"column":43},"end":{"line":57,"column":52}},"31":{"start":{"line":58,"column":15},"end":{"line":58,"column":35}},"32":{"start":{"line":59,"column":2},"end":{"line":59,"column":36}},"33":{"start":{"line":62,"column":24},"end":{"line":62,"column":58}},"34":{"start":{"line":62,"column":52},"end":{"line":62,"column":57}},"35":{"start":{"line":63,"column":19},"end":{"line":63,"column":55}},"36":{"start":{"line":65,"column":2},"end":{"line":69,"column":3}},"37":{"start":{"line":66,"column":4},"end":{"line":66,"column":71}},"38":{"start":{"line":68,"column":4},"end":{"line":68,"column":35}},"39":{"start":{"line":72,"column":23},"end":{"line":75,"column":8}},"40":{"start":{"line":73,"column":4},"end":{"line":73,"column":35}},"41":{"start":{"line":74,"column":4},"end":{"line":74,"column":15}},"42":{"start":{"line":76,"column":19},"end":{"line":76,"column":59}},"43":{"start":{"line":77,"column":16},"end":{"line":79,"column":3}},"44":{"start":{"line":78,"column":14},"end":{"line":78,"column":47}},"45":{"start":{"line":81,"column":2},"end":{"line":81,"column":67}},"46":{"start":{"line":84,"column":0},"end":{"line":84,"column":98}}},"fnMap":{"0":{"name":"add","decl":{"start":{"line":2,"column":9},"end":{"line":2,"column":12}},"loc":{"start":{"line":2,"column":20},"end":{"line":4,"column":1}},"line":2},"1":{"name":"subtract","decl":{"start":{"line":7,"column":9},"end":{"line":7,"column":17}},"loc":{"start":{"line":7,"column":25},"end":{"line":9,"column":1}},"line":7},"2":{"name":"multiply","decl":{"start":{"line":10,"column":9},"end":{"line":10,"column":17}},"loc":{"start":{"line":10,"column":25},"end":{"line":12,"column":1}},"line":10},"3":{"name":"divide","decl":{"start":{"line":13,"column":9},"end":{"line":13,"column":15}},"loc":{"start":{"line":13,"column":23},"end":{"line":16,"column":1}},"line":13},"4":{"name":"trigonometry","decl":{"start":{"line":17,"column":9},"end":{"line":17,"column":21}},"loc":{"start":{"line":17,"column":56},"end":{"line":48,"column":1}},"line":17},"5":{"name":"factorial","decl":{"start":{"line":49,"column":9},"end":{"line":49,"column":18}},"loc":{"start":{"line":49,"column":23},"end":{"line":55,"column":1}},"line":49},"6":{"name":"mean","decl":{"start":{"line":56,"column":9},"end":{"line":56,"column":13}},"loc":{"start":{"line":56,"column":24},"end":{"line":60,"column":1}},"line":56},"7":{"name":"(anonymous_7)","decl":{"start":{"line":57,"column":29},"end":{"line":57,"column":30}},"loc":{"start":{"line":57,"column":43},"end":{"line":57,"column":52}},"line":57},"8":{"name":"median","decl":{"start":{"line":61,"column":9},"end":{"line":61,"column":15}},"loc":{"start":{"line":61,"column":26},"end":{"line":70,"column":1}},"line":61},"9":{"name":"(anonymous_9)","decl":{"start":{"line":62,"column":42},"end":{"line":62,"column":43}},"loc":{"start":{"line":62,"column":52},"end":{"line":62,"column":57}},"line":62},"10":{"name":"mode","decl":{"start":{"line":71,"column":9},"end":{"line":71,"column":13}},"loc":{"start":{"line":71,"column":24},"end":{"line":82,"column":1}},"line":71},"11":{"name":"(anonymous_11)","decl":{"start":{"line":72,"column":38},"end":{"line":72,"column":39}},"loc":{"start":{"line":72,"column":52},"end":{"line":75,"column":3}},"line":72},"12":{"name":"(anonymous_12)","decl":{"start":{"line":78,"column":4},"end":{"line":78,"column":5}},"loc":{"start":{"line":78,"column":14},"end":{"line":78,"column":47}},"line":78}},"branchMap":{"0":{"loc":{"start":{"line":14,"column":2},"end":{"line":14,"column":56}},"type":"if","locations":[{"start":{"line":14,"column":2},"end":{"line":14,"column":56}},{"start":{},"end":{}}],"line":14},"1":{"loc":{"start":{"line":17,"column":41},"end":{"line":17,"column":54}},"type":"default-arg","locations":[{"start":{"line":17,"column":53},"end":{"line":17,"column":54}}],"line":17},"2":{"loc":{"start":{"line":22,"column":2},"end":{"line":44,"column":3}},"type":"switch","locations":[{"start":{"line":23,"column":4},"end":{"line":25,"column":12}},{"start":{"line":26,"column":4},"end":{"line":28,"column":12}},{"start":{"line":29,"column":4},"end":{"line":31,"column":12}},{"start":{"line":32,"column":4},"end":{"line":35,"column":12}},{"start":{"line":36,"column":4},"end":{"line":38,"column":12}},{"start":{"line":39,"column":4},"end":{"line":41,"column":12}},{"start":{"line":42,"column":4},"end":{"line":43,"column":33}}],"line":22},"3":{"loc":{"start":{"line":65,"column":2},"end":{"line":69,"column":3}},"type":"if","locations":[{"start":{"line":65,"column":2},"end":{"line":69,"column":3}},{"start":{"line":67,"column":9},"end":{"line":69,"column":3}}],"line":65},"4":{"loc":{"start":{"line":73,"column":16},"end":{"line":73,"column":29}},"type":"binary-expr","locations":[{"start":{"line":73,"column":16},"end":{"line":73,"column":24}},{"start":{"line":73,"column":28},"end":{"line":73,"column":29}}],"line":73},"5":{"loc":{"start":{"line":81,"column":9},"end":{"line":81,"column":66}},"type":"cond-expr","locations":[{"start":{"line":81,"column":30},"end":{"line":81,"column":46}},{"start":{"line":81,"column":49},"end":{"line":81,"column":66}}],"line":81}},"s":{"0":1,"1":1,"2":1,"3":1,"4":1,"5":0,"6":0,"7":0,"8":11,"9":11,"10":3,"11":3,"12":2,"13":2,"14":2,"15":2,"16":1,"17":1,"18":1,"19":1,"20":1,"21":1,"22":1,"23":10,"24":1,"25":1,"26":1,"27":4,"28":1,"29":1,"30":5,"31":1,"32":1,"33":1,"34":6,"35":1,"36":1,"37":0,"38":1,"39":1,"40":6,"41":6,"42":1,"43":1,"44":3,"45":1,"46":1},"f":{"0":1,"1":1,"2":1,"3":0,"4":11,"5":1,"6":1,"7":5,"8":1,"9":6,"10":1,"11":6,"12":3},"b":{"0":[0,0],"1":[11],"2":[3,2,2,1,1,1,1],"3":[0,1],"4":[6,3],"5":[0,1]},"_coverageSchema":"1a1c01bbd47fc00a2c39e90264f33305004495a9","hash":"0d1d4069a56dd8ba6e58a74f88b22fadad3ad4aa"}
}
