TN:
SF:index.js
FN:1,add
FN:4,subtract
FN:7,multiply
FN:10,divide
FN:14,trigonometry
FN:46,factorial
FN:53,mean
FN:54,(anonymous_7)
FN:58,median
FN:59,(anonymous_9)
FN:68,mode
FN:69,(anonymous_11)
FN:75,(anonymous_12)
FNF:13
FNH:13
FNDA:1,add
FNDA:1,subtract
FNDA:1,multiply
FNDA:2,divide
FNDA:3,trigonometry
FNDA:1,factorial
FNDA:1,mean
FNDA:5,(anonymous_7)
FNDA:1,median
FNDA:6,(anonymous_9)
FNDA:1,mode
FNDA:6,(anonymous_11)
FNDA:3,(anonymous_12)
DA:2,1
DA:5,1
DA:8,1
DA:11,2
DA:12,1
DA:16,3
DA:19,3
DA:21,1
DA:22,1
DA:24,1
DA:25,1
DA:27,1
DA:28,1
DA:31,0
DA:32,0
DA:34,0
DA:35,0
DA:37,0
DA:38,0
DA:40,0
DA:44,3
DA:47,1
DA:48,1
DA:49,4
DA:51,1
DA:54,5
DA:55,1
DA:56,1
DA:59,6
DA:60,1
DA:62,1
DA:63,0
DA:65,1
DA:69,1
DA:70,6
DA:71,6
DA:73,1
DA:74,1
DA:75,3
DA:78,1
DA:81,1
LF:41
LH:33
BRDA:11,0,0,1
BRDA:11,0,1,1
BRDA:14,1,0,3
BRDA:19,2,0,1
BRDA:19,2,1,1
BRDA:19,2,2,1
BRDA:19,2,3,0
BRDA:19,2,4,0
BRDA:19,2,5,0
BRDA:19,2,6,0
BRDA:62,3,0,0
BRDA:62,3,1,1
BRDA:70,4,0,6
BRDA:70,4,1,3
BRDA:78,5,0,0
BRDA:78,5,1,1
BRF:16
BRH:10
end_of_record
