TN:
SF:core-math.js
FN:2,binaryToDecimal
FN:7,decimalToBinary
FN:12,decimalToHexadecimal
FN:17,hexadecimalToDecimal
FNF:4
FNH:1
FNDA:1,binaryToDecimal
FNDA:0,decimalToBinary
FNDA:0,decimalToHexadecimal
FNDA:0,hexadecimalToDecimal
DA:3,1
DA:8,0
DA:13,0
DA:18,0
DA:21,1
LF:5
LH:2
BRF:0
BRH:0
end_of_record
TN:
SF:index.js
FN:2,add
FN:7,subtract
FN:10,multiply
FN:13,divide
FN:17,trigonometry
FN:49,factorial
FN:56,mean
FN:57,(anonymous_7)
FN:61,median
FN:62,(anonymous_9)
FN:71,mode
FN:72,(anonymous_11)
FN:78,(anonymous_12)
FNF:13
FNH:12
FNDA:1,add
FNDA:1,subtract
FNDA:1,multiply
FNDA:0,divide
FNDA:11,trigonometry
FNDA:1,factorial
FNDA:1,mean
FNDA:5,(anonymous_7)
FNDA:1,median
FNDA:6,(anonymous_9)
FNDA:1,mode
FNDA:6,(anonymous_11)
FNDA:3,(anonymous_12)
DA:1,1
DA:3,1
DA:6,1
DA:8,1
DA:11,1
DA:14,0
DA:15,0
DA:19,11
DA:22,11
DA:24,3
DA:25,3
DA:27,2
DA:28,2
DA:30,2
DA:31,2
DA:34,1
DA:35,1
DA:37,1
DA:38,1
DA:40,1
DA:41,1
DA:43,1
DA:47,10
DA:50,1
DA:51,1
DA:52,4
DA:54,1
DA:57,5
DA:58,1
DA:59,1
DA:62,6
DA:63,1
DA:65,1
DA:66,0
DA:68,1
DA:72,1
DA:73,6
DA:74,6
DA:76,1
DA:77,1
DA:78,3
DA:81,1
DA:84,1
LF:43
LH:40
BRDA:14,0,0,0
BRDA:14,0,1,0
BRDA:17,1,0,11
BRDA:22,2,0,3
BRDA:22,2,1,2
BRDA:22,2,2,2
BRDA:22,2,3,1
BRDA:22,2,4,1
BRDA:22,2,5,1
BRDA:22,2,6,1
BRDA:65,3,0,0
BRDA:65,3,1,1
BRDA:73,4,0,6
BRDA:73,4,1,3
BRDA:81,5,0,0
BRDA:81,5,1,1
BRF:16
BRH:12
end_of_record
